[debug] [2023-05-22T14:05:34.814Z] ----------------------------------------------------------------------
[debug] [2023-05-22T14:05:34.819Z] Command:       C:\Program Files\nodejs\node.exe C:\Users\Jawad(codist)\AppData\Roaming\npm\node_modules\firebase-tools\lib\bin\firebase.js init
[debug] [2023-05-22T14:05:34.820Z] CLI Version:   11.24.0
[debug] [2023-05-22T14:05:34.821Z] Platform:      win32
[debug] [2023-05-22T14:05:34.821Z] Node Version:  v19.6.0
[debug] [2023-05-22T14:05:34.821Z] Time:          Mon May 22 2023 15:05:34 GMT+0100 (West Africa Standard Time)
[debug] [2023-05-22T14:05:34.821Z] ----------------------------------------------------------------------
[debug] 
[debug] [2023-05-22T14:05:34.837Z] > command requires scopes: ["email","openid","https://www.googleapis.com/auth/cloudplatformprojects.readonly","https://www.googleapis.com/auth/firebase","https://www.googleapis.com/auth/cloud-platform"]
[debug] [2023-05-22T14:05:34.838Z] > authorizing via signed-in user (adekanbija1@gmail.com)
[info] 
     ######## #### ########  ######## ########     ###     ######  ########
     ##        ##  ##     ## ##       ##     ##  ##   ##  ##       ##
     ######    ##  ########  ######   ########  #########  ######  ######
     ##        ##  ##    ##  ##       ##     ## ##     ##       ## ##
     ##       #### ##     ## ######## ########  ##     ##  ######  ########

You're about to initialize a Firebase project in this directory:

  C:\Users\Jawad(codist)\Desktop\E commerce

[info] 
=== Project Setup
[info] 
[info] First, let's associate this project directory with a Firebase project.
[info] You can create multiple project aliases by running firebase use --add, 
[info] but for now we'll just set up a default project.
[info] 
[debug] [2023-05-22T14:05:42.675Z] >>> [apiv2][query] GET https://firebase.googleapis.com/v1beta1/projects pageSize=100
[debug] [2023-05-22T14:05:43.379Z] <<< [apiv2][status] GET https://firebase.googleapis.com/v1beta1/projects 401
[debug] [2023-05-22T14:05:43.380Z] <<< [apiv2][body] GET https://firebase.googleapis.com/v1beta1/projects [omitted]
[debug] [2023-05-22T14:05:43.381Z] HTTP Error: 401, Request had invalid authentication credentials. Expected OAuth 2 access token, login cookie or other valid authentication credential. See https://developers.google.com/identity/sign-in/web/devconsole-project.
[debug] [2023-05-22T14:05:43.863Z] FirebaseError: HTTP Error: 401, Request had invalid authentication credentials. Expected OAuth 2 access token, login cookie or other valid authentication credential. See https://developers.google.com/identity/sign-in/web/devconsole-project.
    at responseToError (C:\Users\Jawad(codist)\AppData\Roaming\npm\node_modules\firebase-tools\lib\responseToError.js:49:12)
    at RetryOperation._fn (C:\Users\Jawad(codist)\AppData\Roaming\npm\node_modules\firebase-tools\lib\apiv2.js:288:77)
    at process.processTicksAndRejections (node:internal/process/task_queues:95:5)
[error] 
[error] Error: Failed to list Firebase projects. See firebase-debug.log for more info.
[debug] [2023-05-22T14:06:51.763Z] ----------------------------------------------------------------------
[debug] [2023-05-22T14:06:51.769Z] Command:       C:\Program Files\nodejs\node.exe C:\Users\Jawad(codist)\AppData\Roaming\npm\node_modules\firebase-tools\lib\bin\firebase.js init
[debug] [2023-05-22T14:06:51.770Z] CLI Version:   11.24.0
[debug] [2023-05-22T14:06:51.770Z] Platform:      win32
[debug] [2023-05-22T14:06:51.770Z] Node Version:  v19.6.0
[debug] [2023-05-22T14:06:51.771Z] Time:          Mon May 22 2023 15:06:51 GMT+0100 (West Africa Standard Time)
[debug] [2023-05-22T14:06:51.771Z] ----------------------------------------------------------------------
[debug] 
[debug] [2023-05-22T14:06:51.787Z] > command requires scopes: ["email","openid","https://www.googleapis.com/auth/cloudplatformprojects.readonly","https://www.googleapis.com/auth/firebase","https://www.googleapis.com/auth/cloud-platform"]
[debug] [2023-05-22T14:06:51.788Z] > authorizing via signed-in user (adekanbija1@gmail.com)
[info] 
     ######## #### ########  ######## ########     ###     ######  ########
     ##        ##  ##     ## ##       ##     ##  ##   ##  ##       ##
     ######    ##  ########  ######   ########  #########  ######  ######
     ##        ##  ##    ##  ##       ##     ## ##     ##       ## ##
     ##       #### ##     ## ######## ########  ##     ##  ######  ########

You're about to initialize a Firebase project in this directory:

  C:\Users\Jawad(codist)\Desktop\E commerce

